
> lint
> eslint . --fix


C:\Users\Nando\Documents\belajar\baak-news\refactor_layout.cjs
  1:12  error  A `require()` style import is forbidden  @typescript-eslint/no-require-imports
  2:14  error  A `require()` style import is forbidden  @typescript-eslint/no-require-imports

C:\Users\Nando\Documents\belajar\baak-news\resources\js\components\AppSidebar.vue
  13:15  error  'NavItem' is defined but never used  @typescript-eslint/no-unused-vars
  31:5   error  'Cog' is defined but never used      @typescript-eslint/no-unused-vars

C:\Users\Nando\Documents\belajar\baak-news\resources\js\components\NavGrouped.vue
  12:15  error  'Component' is defined but never used  @typescript-eslint/no-unused-vars

C:\Users\Nando\Documents\belajar\baak-news\resources\js\components\neofeeder\SyncCard.vue
  23:7  error  'props' is assigned a value but never used  @typescript-eslint/no-unused-vars

C:\Users\Nando\Documents\belajar\baak-news\resources\js\composables\useNeoFeederSync.ts
  2:10  error  'router' is defined but never used  @typescript-eslint/no-unused-vars

C:\Users\Nando\Documents\belajar\baak-news\resources\js\pages\Admin\Akademik\Kurikulum\Index.vue
   7:15  error  'BreadcrumbItem' is defined but never used  @typescript-eslint/no-unused-vars
  20:11  error  'Kurikulum' is defined but never used       @typescript-eslint/no-unused-vars
  31:7   error  'props' is assigned a value but never used  @typescript-eslint/no-unused-vars

C:\Users\Nando\Documents\belajar\baak-news\resources\js\pages\Admin\Akademik\Kurikulum\Show.vue
   7:22  error  'router' is defined but never used           @typescript-eslint/no-unused-vars
  10:10  error  'Table' is defined but never used            @typescript-eslint/no-unused-vars
  10:17  error  'TableBody' is defined but never used        @typescript-eslint/no-unused-vars
  10:28  error  'TableCell' is defined but never used        @typescript-eslint/no-unused-vars
  10:39  error  'TableHead' is defined but never used        @typescript-eslint/no-unused-vars
  10:50  error  'TableHeader' is defined but never used      @typescript-eslint/no-unused-vars
  10:63  error  'TableRow' is defined but never used         @typescript-eslint/no-unused-vars
  25:11  error  'MatkulKurikulum' is defined but never used  @typescript-eslint/no-unused-vars
  38:7   error  'props' is assigned a value but never used   @typescript-eslint/no-unused-vars

C:\Users\Nando\Documents\belajar\baak-news\resources\js\pages\Admin\Akademik\MataKuliah.vue
   7:15  error  'BreadcrumbItem' is defined but never used  @typescript-eslint/no-unused-vars
  59:7   error  'props' is assigned a value but never used  @typescript-eslint/no-unused-vars

C:\Users\Nando\Documents\belajar\baak-news\resources\js\pages\Admin\Akademik\Prodi.vue
   7:15  error  'BreadcrumbItem' is defined but never used  @typescript-eslint/no-unused-vars
  45:7   error  'props' is assigned a value but never used  @typescript-eslint/no-unused-vars

C:\Users\Nando\Documents\belajar\baak-news\resources\js\pages\Admin\Akademik\Semester.vue
    7:15  error  'BreadcrumbItem' is defined but never used  @typescript-eslint/no-unused-vars
    8:16  error  'Link' is defined but never used            @typescript-eslint/no-unused-vars
   59:54  error  'semesterName' is defined but never used    @typescript-eslint/no-unused-vars
  108:52  error  'semesterName' is defined but never used    @typescript-eslint/no-unused-vars

C:\Users\Nando\Documents\belajar\baak-news\resources\js\pages\Admin\AktivitasKuliah\Index.vue
   2:8   error  'AppLayout' is defined but never used            @typescript-eslint/no-unused-vars
   3:15  error  'BreadcrumbItem' is defined but never used       @typescript-eslint/no-unused-vars
  13:33  error  'BookOpen' is defined but never used             @typescript-eslint/no-unused-vars
  15:11  error  'AktivitasKuliahItem' is defined but never used  @typescript-eslint/no-unused-vars

C:\Users\Nando\Documents\belajar\baak-news\resources\js\pages\Admin\Dashboard.vue
    3:15  error  'BreadcrumbItem' is defined but never used             @typescript-eslint/no-unused-vars
   12:9   error  'getBadgeClass' is assigned a value but never used     @typescript-eslint/no-unused-vars
   91:7   error  'maxAngkatanTotal' is assigned a value but never used  @typescript-eslint/no-unused-vars
   95:7   error  'maxIpkTotal' is assigned a value but never used       @typescript-eslint/no-unused-vars
  103:7   error  'ipkColors' is assigned a value but never used         @typescript-eslint/no-unused-vars
  406:5   error  Parsing error: x-invalid-end-tag                       vue/no-parsing-error

C:\Users\Nando\Documents\belajar\baak-news\resources\js\pages\Admin\Dosen\Index.vue
   7:15  error  'BreadcrumbItem' is defined but never used  @typescript-eslint/no-unused-vars
  10:15  error  'computed' is defined but never used        @typescript-eslint/no-unused-vars
  41:32  error  'Eye' is defined but never used             @typescript-eslint/no-unused-vars
  58:7   error  'props' is assigned a value but never used  @typescript-eslint/no-unused-vars

C:\Users\Nando\Documents\belajar\baak-news\resources\js\pages\Admin\Jabatan\Index.vue
   7:15  error  'BreadcrumbItem' is defined but never used  @typescript-eslint/no-unused-vars
  21:7   error  'props' is assigned a value but never used  @typescript-eslint/no-unused-vars

C:\Users\Nando\Documents\belajar\baak-news\resources\js\pages\Admin\Kalender\Index.vue
  2:8   error  'AppLayout' is defined but never used       @typescript-eslint/no-unused-vars
  3:15  error  'BreadcrumbItem' is defined but never used  @typescript-eslint/no-unused-vars

C:\Users\Nando\Documents\belajar\baak-news\resources\js\pages\Admin\KelasKuliah\Index.vue
   2:8   error  'AppLayout' is defined but never used       @typescript-eslint/no-unused-vars
   3:15  error  'BreadcrumbItem' is defined but never used  @typescript-eslint/no-unused-vars
  42:7   error  'props' is assigned a value but never used  @typescript-eslint/no-unused-vars

C:\Users\Nando\Documents\belajar\baak-news\resources\js\pages\Admin\KelasKuliah\Show.vue
  49:7  error  'props' is assigned a value but never used  @typescript-eslint/no-unused-vars

C:\Users\Nando\Documents\belajar\baak-news\resources\js\pages\Admin\Logs\Index.vue
   7:15  error  'BreadcrumbItem' is defined but never used  @typescript-eslint/no-unused-vars
  23:5   error  'Filter' is defined but never used          @typescript-eslint/no-unused-vars
  27:13  error  'UserIcon' is defined but never used        @typescript-eslint/no-unused-vars

C:\Users\Nando\Documents\belajar\baak-news\resources\js\pages\Admin\Mahasiswa\BatchKartuUjian.vue
    3:15  error  'BreadcrumbItem' is defined but never used  @typescript-eslint/no-unused-vars
    5:15  error  'watch' is defined but never used           @typescript-eslint/no-unused-vars
  231:5   error  Parsing error: x-invalid-end-tag            vue/no-parsing-error

C:\Users\Nando\Documents\belajar\baak-news\resources\js\pages\Admin\Mahasiswa\Index.vue
   3:15  error  'BreadcrumbItem' is defined but never used  @typescript-eslint/no-unused-vars
  22:11  error  'Mahasiswa' is defined but never used       @typescript-eslint/no-unused-vars

C:\Users\Nando\Documents\belajar\baak-news\resources\js\pages\Admin\Mahasiswa\Show.vue
  7:15  error  'BreadcrumbItem' is defined but never used  @typescript-eslint/no-unused-vars

C:\Users\Nando\Documents\belajar\baak-news\resources\js\pages\Admin\Pejabat\Form.vue
  7:15  error  'BreadcrumbItem' is defined but never used  @typescript-eslint/no-unused-vars

C:\Users\Nando\Documents\belajar\baak-news\resources\js\pages\Admin\Pejabat\Index.vue
  7:15  error  'BreadcrumbItem' is defined but never used  @typescript-eslint/no-unused-vars

C:\Users\Nando\Documents\belajar\baak-news\resources\js\pages\Admin\Role\Form.vue
  7:15  error  'BreadcrumbItem' is defined but never used  @typescript-eslint/no-unused-vars

C:\Users\Nando\Documents\belajar\baak-news\resources\js\pages\Admin\Role\Index.vue
   7:15  error  'BreadcrumbItem' is defined but never used  @typescript-eslint/no-unused-vars
  16:7   error  'props' is assigned a value but never used  @typescript-eslint/no-unused-vars

C:\Users\Nando\Documents\belajar\baak-news\resources\js\pages\Admin\Settings\General.vue
  6:8  error  'AppLayout' is defined but never used  @typescript-eslint/no-unused-vars

C:\Users\Nando\Documents\belajar\baak-news\resources\js\pages\Admin\Settings\NeoFeeder.vue
  7:15  error  'BreadcrumbItem' is defined but never used  @typescript-eslint/no-unused-vars
  9:15  error  'reactive' is defined but never used        @typescript-eslint/no-unused-vars

C:\Users\Nando\Documents\belajar\baak-news\resources\js\pages\Admin\Settings\Surat.vue
  185:1  error  The 'lang' attribute of '<script>' is missing  vue/block-lang

C:\Users\Nando\Documents\belajar\baak-news\resources\js\pages\Admin\Surat\Index.vue
   7:15  error  'BreadcrumbItem' is defined but never used  @typescript-eslint/no-unused-vars
  22:11  error  'Surat' is defined but never used           @typescript-eslint/no-unused-vars

C:\Users\Nando\Documents\belajar\baak-news\resources\js\pages\Admin\Surat\Show.vue
  7:15  error  'BreadcrumbItem' is defined but never used  @typescript-eslint/no-unused-vars

C:\Users\Nando\Documents\belajar\baak-news\resources\js\pages\Admin\Templates\Index.vue
   7:15  error  'BreadcrumbItem' is defined but never used  @typescript-eslint/no-unused-vars
   9:15  error  'computed' is defined but never used        @typescript-eslint/no-unused-vars
  11:76  error  'AlertCircle' is defined but never used     @typescript-eslint/no-unused-vars

C:\Users\Nando\Documents\belajar\baak-news\resources\js\pages\Admin\User\Form.vue
  7:15  error  'BreadcrumbItem' is defined but never used  @typescript-eslint/no-unused-vars

C:\Users\Nando\Documents\belajar\baak-news\resources\js\pages\Admin\User\Index.vue
   7:15  error  'BreadcrumbItem' is defined but never used  @typescript-eslint/no-unused-vars
  21:11  error  'User' is defined but never used            @typescript-eslint/no-unused-vars

C:\Users\Nando\Documents\belajar\baak-news\resources\js\pages\Dashboard.vue
  8:15  error  'BreadcrumbItem' is defined but never used  @typescript-eslint/no-unused-vars

C:\Users\Nando\Documents\belajar\baak-news\resources\js\pages\Landing\Dokumen.vue
  32:7  error  'props' is assigned a value but never used  @typescript-eslint/no-unused-vars

C:\Users\Nando\Documents\belajar\baak-news\resources\js\pages\Landing\Home.vue
  2:16  error  'Link' is defined but never used  @typescript-eslint/no-unused-vars

C:\Users\Nando\Documents\belajar\baak-news\resources\js\pages\Landing\Kalender.vue
  2:16  error  'Link' is defined but never used  @typescript-eslint/no-unused-vars

C:\Users\Nando\Documents\belajar\baak-news\resources\js\pages\Landing\Profile.vue
  2:16  error  'Link' is defined but never used  @typescript-eslint/no-unused-vars

C:\Users\Nando\Documents\belajar\baak-news\resources\js\pages\settings\Appearance.vue
   5:9  error  'setBreadcrumbs' is assigned a value but never used   @typescript-eslint/no-unused-vars
  16:7  error  'breadcrumbItems' is assigned a value but never used  @typescript-eslint/no-unused-vars

C:\Users\Nando\Documents\belajar\baak-news\resources\js\pages\settings\Password.vue
   5:9  error  'setBreadcrumbs' is assigned a value but never used   @typescript-eslint/no-unused-vars
  19:7  error  'breadcrumbItems' is assigned a value but never used  @typescript-eslint/no-unused-vars

C:\Users\Nando\Documents\belajar\baak-news\resources\js\pages\settings\Profile.vue
   5:9  error  'setBreadcrumbs' is assigned a value but never used   @typescript-eslint/no-unused-vars
  28:7  error  'breadcrumbItems' is assigned a value but never used  @typescript-eslint/no-unused-vars

C:\Users\Nando\Documents\belajar\baak-news\resources\js\pages\settings\TwoFactor.vue
  15:10  error  'BreadcrumbItem' is defined but never used  @typescript-eslint/no-unused-vars

C:\Users\Nando\Documents\belajar\baak-news\resources\js\ssr.ts
  4:24  error  'DefineComponent' is defined but never used  @typescript-eslint/no-unused-vars

✖ 89 problems (89 errors, 0 warnings)

